[1.181s] Invoking command in '/home/khushant/Inverted_pendulum/build/simulation': PYTHONPATH=/home/khushant/Inverted_pendulum/build/simulation/prefix_override:/usr/lib/python3/dist-packages/colcon_core/task/python/colcon_distutils_commands:/home/khushant/Inverted_pendulum/install/simulation/lib/python3.10/site-packages:${PYTHONPATH} /usr/bin/python3 -W ignore:setup.py install is deprecated setup.py develop --uninstall --editable --build-directory /home/khushant/Inverted_pendulum/build/simulation/build
[1.819s] running develop
[2.161s] Removing /home/khushant/Inverted_pendulum/install/simulation/lib/python3.10/site-packages/simulation.egg-link (link to .)
[2.228s] Invoked command in '/home/khushant/Inverted_pendulum/build/simulation' returned '0': PYTHONPATH=/home/khushant/Inverted_pendulum/build/simulation/prefix_override:/usr/lib/python3/dist-packages/colcon_core/task/python/colcon_distutils_commands:/home/khushant/Inverted_pendulum/install/simulation/lib/python3.10/site-packages:${PYTHONPATH} /usr/bin/python3 -W ignore:setup.py install is deprecated setup.py develop --uninstall --editable --build-directory /home/khushant/Inverted_pendulum/build/simulation/build
[2.232s] Invoking command in '/home/khushant/Inverted_pendulum/src/simulation': PYTHONPATH=/home/khushant/Inverted_pendulum/build/simulation/prefix_override:/usr/lib/python3/dist-packages/colcon_core/task/python/colcon_distutils_commands:/home/khushant/Inverted_pendulum/install/simulation/lib/python3.10/site-packages:${PYTHONPATH} /usr/bin/python3 -W ignore:setup.py install is deprecated setup.py egg_info --egg-base ../../build/simulation build --build-base /home/khushant/Inverted_pendulum/build/simulation/build install --record /home/khushant/Inverted_pendulum/build/simulation/install.log --single-version-externally-managed install_data --force
[2.832s] running egg_info
[2.833s] writing ../../build/simulation/simulation.egg-info/PKG-INFO
[2.834s] writing dependency_links to ../../build/simulation/simulation.egg-info/dependency_links.txt
[2.834s] writing entry points to ../../build/simulation/simulation.egg-info/entry_points.txt
[2.834s] writing requirements to ../../build/simulation/simulation.egg-info/requires.txt
[2.834s] writing top-level names to ../../build/simulation/simulation.egg-info/top_level.txt
[2.836s] reading manifest file '../../build/simulation/simulation.egg-info/SOURCES.txt'
[2.837s] adding license file 'LICENSE'
[2.838s] writing manifest file '../../build/simulation/simulation.egg-info/SOURCES.txt'
[2.838s] running build
[2.838s] running build_py
[2.838s] copying simulation/actuation.py -> /home/khushant/Inverted_pendulum/build/simulation/build/lib/simulation
[2.839s] running install
[2.839s] running install_lib
[2.840s] creating /home/khushant/Inverted_pendulum/install/simulation/lib/python3.10/site-packages/simulation
[2.840s] copying /home/khushant/Inverted_pendulum/build/simulation/build/lib/simulation/actuation.py -> /home/khushant/Inverted_pendulum/install/simulation/lib/python3.10/site-packages/simulation
[2.840s] copying /home/khushant/Inverted_pendulum/build/simulation/build/lib/simulation/__init__.py -> /home/khushant/Inverted_pendulum/install/simulation/lib/python3.10/site-packages/simulation
[2.843s] byte-compiling /home/khushant/Inverted_pendulum/install/simulation/lib/python3.10/site-packages/simulation/actuation.py to actuation.cpython-310.pyc
[2.844s] byte-compiling /home/khushant/Inverted_pendulum/install/simulation/lib/python3.10/site-packages/simulation/__init__.py to __init__.cpython-310.pyc
[2.844s] running install_data
[2.844s] copying resource/simulation -> /home/khushant/Inverted_pendulum/install/simulation/share/ament_index/resource_index/packages
[2.845s] copying package.xml -> /home/khushant/Inverted_pendulum/install/simulation/share/simulation
[2.845s] copying launch/demo.launch.py -> /home/khushant/Inverted_pendulum/install/simulation/share/simulation/launch
[2.846s] copying urdf/control.yaml -> /home/khushant/Inverted_pendulum/install/simulation/share/simulation
[2.846s] copying urdf/bridge.yaml -> /home/khushant/Inverted_pendulum/install/simulation/share/simulation
[2.846s] copying urdf/model.urdf -> /home/khushant/Inverted_pendulum/install/simulation/share/simulation
[2.847s] running install_egg_info
[2.852s] Copying ../../build/simulation/simulation.egg-info to /home/khushant/Inverted_pendulum/install/simulation/lib/python3.10/site-packages/simulation-0.0.0-py3.10.egg-info
[2.854s] running install_scripts
[2.893s] Installing controller script to /home/khushant/Inverted_pendulum/install/simulation/lib/simulation
[2.895s] writing list of installed files to '/home/khushant/Inverted_pendulum/build/simulation/install.log'
[2.928s] Invoked command in '/home/khushant/Inverted_pendulum/src/simulation' returned '0': PYTHONPATH=/home/khushant/Inverted_pendulum/build/simulation/prefix_override:/usr/lib/python3/dist-packages/colcon_core/task/python/colcon_distutils_commands:/home/khushant/Inverted_pendulum/install/simulation/lib/python3.10/site-packages:${PYTHONPATH} /usr/bin/python3 -W ignore:setup.py install is deprecated setup.py egg_info --egg-base ../../build/simulation build --build-base /home/khushant/Inverted_pendulum/build/simulation/build install --record /home/khushant/Inverted_pendulum/build/simulation/install.log --single-version-externally-managed install_data --force
