[1.790s] Invoking command in '/home/khushant/Inverted_pendulum/src/simulation': PYTHONPATH=/home/khushant/Inverted_pendulum/build/simulation/prefix_override:/usr/lib/python3/dist-packages/colcon_core/task/python/colcon_distutils_commands:/home/khushant/Inverted_pendulum/install/simulation/lib/python3.10/site-packages:${PYTHONPATH} /usr/bin/python3 -W ignore:setup.py install is deprecated setup.py egg_info --egg-base ../../build/simulation build --build-base /home/khushant/Inverted_pendulum/build/simulation/build install --record /home/khushant/Inverted_pendulum/build/simulation/install.log --single-version-externally-managed install_data
[2.406s] running egg_info
[2.407s] creating ../../build/simulation/simulation.egg-info
[2.407s] writing ../../build/simulation/simulation.egg-info/PKG-INFO
[2.408s] writing dependency_links to ../../build/simulation/simulation.egg-info/dependency_links.txt
[2.408s] writing entry points to ../../build/simulation/simulation.egg-info/entry_points.txt
[2.408s] writing requirements to ../../build/simulation/simulation.egg-info/requires.txt
[2.409s] writing top-level names to ../../build/simulation/simulation.egg-info/top_level.txt
[2.409s] writing manifest file '../../build/simulation/simulation.egg-info/SOURCES.txt'
[2.411s] reading manifest file '../../build/simulation/simulation.egg-info/SOURCES.txt'
[2.411s] adding license file 'LICENSE'
[2.412s] writing manifest file '../../build/simulation/simulation.egg-info/SOURCES.txt'
[2.413s] running build
[2.413s] running build_py
[2.413s] creating /home/khushant/Inverted_pendulum/build/simulation/build
[2.414s] creating /home/khushant/Inverted_pendulum/build/simulation/build/lib
[2.414s] creating /home/khushant/Inverted_pendulum/build/simulation/build/lib/simulation
[2.415s] copying simulation/actuation.py -> /home/khushant/Inverted_pendulum/build/simulation/build/lib/simulation
[2.415s] copying simulation/__init__.py -> /home/khushant/Inverted_pendulum/build/simulation/build/lib/simulation
[2.415s] running install
[2.416s] running install_lib
[2.417s] creating /home/khushant/Inverted_pendulum/install/simulation/lib/python3.10/site-packages/simulation
[2.417s] copying /home/khushant/Inverted_pendulum/build/simulation/build/lib/simulation/actuation.py -> /home/khushant/Inverted_pendulum/install/simulation/lib/python3.10/site-packages/simulation
[2.417s] copying /home/khushant/Inverted_pendulum/build/simulation/build/lib/simulation/__init__.py -> /home/khushant/Inverted_pendulum/install/simulation/lib/python3.10/site-packages/simulation
[2.421s] byte-compiling /home/khushant/Inverted_pendulum/install/simulation/lib/python3.10/site-packages/simulation/actuation.py to actuation.cpython-310.pyc
[2.422s] byte-compiling /home/khushant/Inverted_pendulum/install/simulation/lib/python3.10/site-packages/simulation/__init__.py to __init__.cpython-310.pyc
[2.422s] running install_data
[2.423s] creating /home/khushant/Inverted_pendulum/install/simulation/share/ament_index
[2.423s] creating /home/khushant/Inverted_pendulum/install/simulation/share/ament_index/resource_index
[2.424s] creating /home/khushant/Inverted_pendulum/install/simulation/share/ament_index/resource_index/packages
[2.424s] copying resource/simulation -> /home/khushant/Inverted_pendulum/install/simulation/share/ament_index/resource_index/packages
[2.424s] copying package.xml -> /home/khushant/Inverted_pendulum/install/simulation/share/simulation
[2.424s] creating /home/khushant/Inverted_pendulum/install/simulation/share/simulation/launch
[2.424s] copying launch/demo.launch.py -> /home/khushant/Inverted_pendulum/install/simulation/share/simulation/launch
[2.425s] copying urdf/model.urdf -> /home/khushant/Inverted_pendulum/install/simulation/share/simulation
[2.425s] running install_egg_info
[2.427s] Copying ../../build/simulation/simulation.egg-info to /home/khushant/Inverted_pendulum/install/simulation/lib/python3.10/site-packages/simulation-0.0.0-py3.10.egg-info
[2.429s] running install_scripts
[2.472s] Installing controller script to /home/khushant/Inverted_pendulum/install/simulation/lib/simulation
[2.473s] writing list of installed files to '/home/khushant/Inverted_pendulum/build/simulation/install.log'
[2.506s] Invoked command in '/home/khushant/Inverted_pendulum/src/simulation' returned '0': PYTHONPATH=/home/khushant/Inverted_pendulum/build/simulation/prefix_override:/usr/lib/python3/dist-packages/colcon_core/task/python/colcon_distutils_commands:/home/khushant/Inverted_pendulum/install/simulation/lib/python3.10/site-packages:${PYTHONPATH} /usr/bin/python3 -W ignore:setup.py install is deprecated setup.py egg_info --egg-base ../../build/simulation build --build-base /home/khushant/Inverted_pendulum/build/simulation/build install --record /home/khushant/Inverted_pendulum/build/simulation/install.log --single-version-externally-managed install_data
