[0.491s] DEBUG:colcon:Command line arguments: ['/usr/bin/colcon', 'list', '-p', '--base-paths', '/home/khushant/Inverted_pendulum']
[0.491s] DEBUG:colcon:Parsed command line arguments: Namespace(log_base=None, log_level=None, verb_name='list', build_base='build', ignore_user_meta=False, metas=['./colcon.meta'], base_paths=['/home/khushant/Inverted_pendulum'], packages_ignore=None, packages_ignore_regex=None, paths=None, packages_up_to=None, packages_up_to_regex=None, packages_above=None, packages_above_and_dependencies=None, packages_above_depth=None, packages_select_by_dep=None, packages_skip_by_dep=None, packages_skip_up_to=None, packages_select_build_failed=False, packages_skip_build_finished=False, packages_select_test_failures=False, packages_skip_test_passed=False, packages_select=None, packages_skip=None, packages_select_regex=None, packages_skip_regex=None, packages_start=None, packages_end=None, allow_overriding=[], topological_order=False, names_only=False, paths_only=True, topological_graph=False, topological_graph_dot=False, topological_graph_density=False, topological_graph_legend=False, topological_graph_dot_cluster=False, topological_graph_dot_include_skipped=False, mixin_files=None, mixin=None, verb_parser=<colcon_mixin.mixin.mixin_argument.MixinArgumentDecorator object at 0x7f0558953940>, verb_extension=<colcon_package_information.verb.list.ListVerb object at 0x7f0558a5b340>, main=<bound method ListVerb.main of <colcon_package_information.verb.list.ListVerb object at 0x7f0558a5b340>>, mixin_verb=('list',))
[1.008s] Level 1:colcon.colcon_core.package_discovery:discover_packages(colcon_meta) check parameters
[1.008s] Level 1:colcon.colcon_core.package_discovery:discover_packages(recursive) check parameters
[1.008s] Level 1:colcon.colcon_core.package_discovery:discover_packages(ignore) check parameters
[1.008s] Level 1:colcon.colcon_core.package_discovery:discover_packages(path) check parameters
[1.008s] Level 1:colcon.colcon_core.package_discovery:discover_packages(recursive) discover
[1.009s] INFO:colcon.colcon_core.package_discovery:Crawling recursively for packages in '/home/khushant/Inverted_pendulum'
[1.009s] Level 1:colcon.colcon_core.package_identification:_identify(/home/khushant/Inverted_pendulum) by extensions ['ignore', 'ignore_ament_install']
[1.009s] Level 1:colcon.colcon_core.package_identification:_identify(/home/khushant/Inverted_pendulum) by extension 'ignore'
[1.009s] Level 1:colcon.colcon_core.package_identification:_identify(/home/khushant/Inverted_pendulum) by extension 'ignore_ament_install'
[1.009s] Level 1:colcon.colcon_core.package_identification:_identify(/home/khushant/Inverted_pendulum) by extensions ['colcon_pkg']
[1.009s] Level 1:colcon.colcon_core.package_identification:_identify(/home/khushant/Inverted_pendulum) by extension 'colcon_pkg'
[1.009s] Level 1:colcon.colcon_core.package_identification:_identify(/home/khushant/Inverted_pendulum) by extensions ['colcon_meta']
[1.009s] Level 1:colcon.colcon_core.package_identification:_identify(/home/khushant/Inverted_pendulum) by extension 'colcon_meta'
[1.010s] Level 1:colcon.colcon_core.package_identification:_identify(/home/khushant/Inverted_pendulum) by extensions ['ros']
[1.010s] Level 1:colcon.colcon_core.package_identification:_identify(/home/khushant/Inverted_pendulum) by extension 'ros'
[1.046s] Level 1:colcon.colcon_core.package_identification:_identify(/home/khushant/Inverted_pendulum) by extensions ['cmake', 'python']
[1.046s] Level 1:colcon.colcon_core.package_identification:_identify(/home/khushant/Inverted_pendulum) by extension 'cmake'
[1.046s] Level 1:colcon.colcon_core.package_identification:_identify(/home/khushant/Inverted_pendulum) by extension 'python'
[1.046s] Level 1:colcon.colcon_core.package_identification:_identify(/home/khushant/Inverted_pendulum) by extensions ['python_setup_py']
[1.046s] Level 1:colcon.colcon_core.package_identification:_identify(/home/khushant/Inverted_pendulum) by extension 'python_setup_py'
[1.046s] Level 1:colcon.colcon_core.package_identification:_identify(/home/khushant/Inverted_pendulum/log) by extensions ['ignore', 'ignore_ament_install']
[1.047s] Level 1:colcon.colcon_core.package_identification:_identify(/home/khushant/Inverted_pendulum/log) by extension 'ignore'
[1.047s] Level 1:colcon.colcon_core.package_identification:_identify(/home/khushant/Inverted_pendulum/log) ignored
[1.047s] Level 1:colcon.colcon_core.package_identification:_identify(/home/khushant/Inverted_pendulum/src) by extensions ['ignore', 'ignore_ament_install']
[1.047s] Level 1:colcon.colcon_core.package_identification:_identify(/home/khushant/Inverted_pendulum/src) by extension 'ignore'
[1.048s] Level 1:colcon.colcon_core.package_identification:_identify(/home/khushant/Inverted_pendulum/src) by extension 'ignore_ament_install'
[1.048s] Level 1:colcon.colcon_core.package_identification:_identify(/home/khushant/Inverted_pendulum/src) by extensions ['colcon_pkg']
[1.048s] Level 1:colcon.colcon_core.package_identification:_identify(/home/khushant/Inverted_pendulum/src) by extension 'colcon_pkg'
[1.048s] Level 1:colcon.colcon_core.package_identification:_identify(/home/khushant/Inverted_pendulum/src) by extensions ['colcon_meta']
[1.048s] Level 1:colcon.colcon_core.package_identification:_identify(/home/khushant/Inverted_pendulum/src) by extension 'colcon_meta'
[1.048s] Level 1:colcon.colcon_core.package_identification:_identify(/home/khushant/Inverted_pendulum/src) by extensions ['ros']
[1.048s] Level 1:colcon.colcon_core.package_identification:_identify(/home/khushant/Inverted_pendulum/src) by extension 'ros'
[1.048s] Level 1:colcon.colcon_core.package_identification:_identify(/home/khushant/Inverted_pendulum/src) by extensions ['cmake', 'python']
[1.048s] Level 1:colcon.colcon_core.package_identification:_identify(/home/khushant/Inverted_pendulum/src) by extension 'cmake'
[1.048s] Level 1:colcon.colcon_core.package_identification:_identify(/home/khushant/Inverted_pendulum/src) by extension 'python'
[1.048s] Level 1:colcon.colcon_core.package_identification:_identify(/home/khushant/Inverted_pendulum/src) by extensions ['python_setup_py']
[1.048s] Level 1:colcon.colcon_core.package_identification:_identify(/home/khushant/Inverted_pendulum/src) by extension 'python_setup_py'
[1.049s] Level 1:colcon.colcon_core.package_identification:_identify(/home/khushant/Inverted_pendulum/src/simulation) by extensions ['ignore', 'ignore_ament_install']
[1.049s] Level 1:colcon.colcon_core.package_identification:_identify(/home/khushant/Inverted_pendulum/src/simulation) by extension 'ignore'
[1.049s] Level 1:colcon.colcon_core.package_identification:_identify(/home/khushant/Inverted_pendulum/src/simulation) by extension 'ignore_ament_install'
[1.049s] Level 1:colcon.colcon_core.package_identification:_identify(/home/khushant/Inverted_pendulum/src/simulation) by extensions ['colcon_pkg']
[1.049s] Level 1:colcon.colcon_core.package_identification:_identify(/home/khushant/Inverted_pendulum/src/simulation) by extension 'colcon_pkg'
[1.049s] Level 1:colcon.colcon_core.package_identification:_identify(/home/khushant/Inverted_pendulum/src/simulation) by extensions ['colcon_meta']
[1.049s] Level 1:colcon.colcon_core.package_identification:_identify(/home/khushant/Inverted_pendulum/src/simulation) by extension 'colcon_meta'
[1.049s] Level 1:colcon.colcon_core.package_identification:_identify(/home/khushant/Inverted_pendulum/src/simulation) by extensions ['ros']
[1.049s] Level 1:colcon.colcon_core.package_identification:_identify(/home/khushant/Inverted_pendulum/src/simulation) by extension 'ros'
[1.053s] DEBUG:colcon.colcon_core.package_identification:Package '/home/khushant/Inverted_pendulum/src/simulation' with type 'ros.ament_python' and name 'simulation'
[1.053s] Level 1:colcon.colcon_core.package_discovery:discover_packages(recursive) using defaults
