[1.775s] Invoking command in '/home/khushant/Inverted_pendulum/build/simulation': PYTHONPATH=/home/khushant/Inverted_pendulum/build/simulation/prefix_override:/usr/lib/python3/dist-packages/colcon_core/task/python/colcon_distutils_commands:/home/khushant/Inverted_pendulum/install/simulation/lib/python3.10/site-packages:${PYTHONPATH} /usr/bin/python3 -W ignore:setup.py install is deprecated setup.py develop --editable --build-directory /home/khushant/Inverted_pendulum/build/simulation/build --no-deps symlink_data --force
[2.423s] running develop
[2.814s] running egg_info
[2.816s] writing simulation.egg-info/PKG-INFO
[2.817s] writing dependency_links to simulation.egg-info/dependency_links.txt
[2.818s] writing entry points to simulation.egg-info/entry_points.txt
[2.819s] writing requirements to simulation.egg-info/requires.txt
[2.819s] writing top-level names to simulation.egg-info/top_level.txt
[2.821s] reading manifest file 'simulation.egg-info/SOURCES.txt'
[2.823s] writing manifest file 'simulation.egg-info/SOURCES.txt'
[2.829s] running build_ext
[2.829s] Creating /home/khushant/Inverted_pendulum/install/simulation/lib/python3.10/site-packages/simulation.egg-link (link to .)
[2.830s] Installing controller script to /home/khushant/Inverted_pendulum/install/simulation/lib/simulation
[2.831s] 
[2.831s] Installed /home/khushant/Inverted_pendulum/build/simulation
[2.831s] running symlink_data
[2.831s] symbolically linking /home/khushant/Inverted_pendulum/build/simulation/resource/simulation -> /home/khushant/Inverted_pendulum/install/simulation/share/ament_index/resource_index/packages
[2.831s] symbolically linking /home/khushant/Inverted_pendulum/build/simulation/package.xml -> /home/khushant/Inverted_pendulum/install/simulation/share/simulation
[2.831s] symbolically linking /home/khushant/Inverted_pendulum/build/simulation/launch/demo.launch.py -> /home/khushant/Inverted_pendulum/install/simulation/share/simulation/launch
[2.832s] symbolically linking /home/khushant/Inverted_pendulum/build/simulation/urdf/control.yaml -> /home/khushant/Inverted_pendulum/install/simulation/share/simulation
[2.832s] symbolically linking /home/khushant/Inverted_pendulum/build/simulation/urdf/bridge.yaml -> /home/khushant/Inverted_pendulum/install/simulation/share/simulation
[2.833s] symbolically linking /home/khushant/Inverted_pendulum/build/simulation/urdf/model.urdf -> /home/khushant/Inverted_pendulum/install/simulation/share/simulation
[2.875s] Invoked command in '/home/khushant/Inverted_pendulum/build/simulation' returned '0': PYTHONPATH=/home/khushant/Inverted_pendulum/build/simulation/prefix_override:/usr/lib/python3/dist-packages/colcon_core/task/python/colcon_distutils_commands:/home/khushant/Inverted_pendulum/install/simulation/lib/python3.10/site-packages:${PYTHONPATH} /usr/bin/python3 -W ignore:setup.py install is deprecated setup.py develop --editable --build-directory /home/khushant/Inverted_pendulum/build/simulation/build --no-deps symlink_data --force
