running egg_info
writing ../../build/simulation/simulation.egg-info/PKG-INFO
writing dependency_links to ../../build/simulation/simulation.egg-info/dependency_links.txt
writing entry points to ../../build/simulation/simulation.egg-info/entry_points.txt
writing requirements to ../../build/simulation/simulation.egg-info/requires.txt
writing top-level names to ../../build/simulation/simulation.egg-info/top_level.txt
reading manifest file '../../build/simulation/simulation.egg-info/SOURCES.txt'
adding license file 'LICENSE'
writing manifest file '../../build/simulation/simulation.egg-info/SOURCES.txt'
running build
running build_py
copying simulation/actuation.py -> /home/khushant/Inverted_pendulum/build/simulation/build/lib/simulation
running install
running install_lib
copying /home/khushant/Inverted_pendulum/build/simulation/build/lib/simulation/actuation.py -> /home/khushant/Inverted_pendulum/install/simulation/lib/python3.10/site-packages/simulation
byte-compiling /home/khushant/Inverted_pendulum/install/simulation/lib/python3.10/site-packages/simulation/actuation.py to actuation.cpython-310.pyc
running install_data
running install_egg_info
removing '/home/khushant/Inverted_pendulum/install/simulation/lib/python3.10/site-packages/simulation-0.0.0-py3.10.egg-info' (and everything under it)
Copying ../../build/simulation/simulation.egg-info to /home/khushant/Inverted_pendulum/install/simulation/lib/python3.10/site-packages/simulation-0.0.0-py3.10.egg-info
running install_scripts
Installing controller script to /home/khushant/Inverted_pendulum/install/simulation/lib/simulation
writing list of installed files to '/home/khushant/Inverted_pendulum/build/simulation/install.log'
