[0.865s] Invoking command in '/home/khushant/Inverted_pendulum/build/simulation': PYTHONPATH=/home/khushant/Inverted_pendulum/build/simulation/prefix_override:/usr/lib/python3/dist-packages/colcon_core/task/python/colcon_distutils_commands:/home/khushant/Inverted_pendulum/install/simulation/lib/python3.10/site-packages:${PYTHONPATH} /usr/bin/python3 -W ignore:setup.py install is deprecated setup.py develop --editable --build-directory /home/khushant/Inverted_pendulum/build/simulation/build --no-deps symlink_data --force
[1.183s] running develop
[1.369s] running egg_info
[1.369s] writing simulation.egg-info/PKG-INFO
[1.369s] writing dependency_links to simulation.egg-info/dependency_links.txt
[1.370s] writing entry points to simulation.egg-info/entry_points.txt
[1.370s] writing requirements to simulation.egg-info/requires.txt
[1.370s] writing top-level names to simulation.egg-info/top_level.txt
[1.371s] reading manifest file 'simulation.egg-info/SOURCES.txt'
[1.372s] writing manifest file 'simulation.egg-info/SOURCES.txt'
[1.374s] running build_ext
[1.374s] Creating /home/khushant/Inverted_pendulum/install/simulation/lib/python3.10/site-packages/simulation.egg-link (link to .)
[1.375s] Installing controller script to /home/khushant/Inverted_pendulum/install/simulation/lib/simulation
[1.375s] 
[1.375s] Installed /home/khushant/Inverted_pendulum/build/simulation
[1.375s] running symlink_data
[1.375s] symbolically linking /home/khushant/Inverted_pendulum/build/simulation/resource/simulation -> /home/khushant/Inverted_pendulum/install/simulation/share/ament_index/resource_index/packages
[1.375s] symbolically linking /home/khushant/Inverted_pendulum/build/simulation/package.xml -> /home/khushant/Inverted_pendulum/install/simulation/share/simulation
[1.375s] symbolically linking /home/khushant/Inverted_pendulum/build/simulation/launch/demo.launch.py -> /home/khushant/Inverted_pendulum/install/simulation/share/simulation/launch
[1.375s] symbolically linking /home/khushant/Inverted_pendulum/build/simulation/urdf/model.urdf -> /home/khushant/Inverted_pendulum/install/simulation/share/simulation
[1.400s] Invoked command in '/home/khushant/Inverted_pendulum/build/simulation' returned '0': PYTHONPATH=/home/khushant/Inverted_pendulum/build/simulation/prefix_override:/usr/lib/python3/dist-packages/colcon_core/task/python/colcon_distutils_commands:/home/khushant/Inverted_pendulum/install/simulation/lib/python3.10/site-packages:${PYTHONPATH} /usr/bin/python3 -W ignore:setup.py install is deprecated setup.py develop --editable --build-directory /home/khushant/Inverted_pendulum/build/simulation/build --no-deps symlink_data --force
