[1.615s] Invoking command in '/home/khushant/Inverted_pendulum/build/simulation': PYTHONPATH=/home/khushant/Inverted_pendulum/build/simulation/prefix_override:/usr/lib/python3/dist-packages/colcon_core/task/python/colcon_distutils_commands:/home/khushant/Inverted_pendulum/install/simulation/lib/python3.10/site-packages:${PYTHONPATH} /usr/bin/python3 -W ignore:setup.py install is deprecated setup.py develop --editable --build-directory /home/khushant/Inverted_pendulum/build/simulation/build --no-deps symlink_data --force
[2.246s] running develop
[2.614s] running egg_info
[2.614s] writing simulation.egg-info/PKG-INFO
[2.614s] writing dependency_links to simulation.egg-info/dependency_links.txt
[2.615s] writing entry points to simulation.egg-info/entry_points.txt
[2.615s] writing requirements to simulation.egg-info/requires.txt
[2.616s] writing top-level names to simulation.egg-info/top_level.txt
[2.619s] reading manifest file 'simulation.egg-info/SOURCES.txt'
[2.619s] writing manifest file 'simulation.egg-info/SOURCES.txt'
[2.624s] running build_ext
[2.625s] Creating /home/khushant/Inverted_pendulum/install/simulation/lib/python3.10/site-packages/simulation.egg-link (link to .)
[2.626s] Installing controller script to /home/khushant/Inverted_pendulum/install/simulation/lib/simulation
[2.626s] 
[2.627s] Installed /home/khushant/Inverted_pendulum/build/simulation
[2.627s] running symlink_data
[2.628s] symbolically linking /home/khushant/Inverted_pendulum/build/simulation/resource/simulation -> /home/khushant/Inverted_pendulum/install/simulation/share/ament_index/resource_index/packages
[2.629s] symbolically linking /home/khushant/Inverted_pendulum/build/simulation/package.xml -> /home/khushant/Inverted_pendulum/install/simulation/share/simulation
[2.629s] symbolically linking /home/khushant/Inverted_pendulum/build/simulation/launch/demo.launch.py -> /home/khushant/Inverted_pendulum/install/simulation/share/simulation/launch
[2.630s] symbolically linking /home/khushant/Inverted_pendulum/build/simulation/urdf/model.urdf -> /home/khushant/Inverted_pendulum/install/simulation/share/simulation
[2.671s] Invoked command in '/home/khushant/Inverted_pendulum/build/simulation' returned '0': PYTHONPATH=/home/khushant/Inverted_pendulum/build/simulation/prefix_override:/usr/lib/python3/dist-packages/colcon_core/task/python/colcon_distutils_commands:/home/khushant/Inverted_pendulum/install/simulation/lib/python3.10/site-packages:${PYTHONPATH} /usr/bin/python3 -W ignore:setup.py install is deprecated setup.py develop --editable --build-directory /home/khushant/Inverted_pendulum/build/simulation/build --no-deps symlink_data --force
