[0.492s] DEBUG:colcon:Command line arguments: ['/usr/bin/colcon', 'build']
[0.492s] DEBUG:colcon:Parsed command line arguments: Namespace(log_base=None, log_level=None, verb_name='build', build_base='build', install_base='install', merge_install=False, symlink_install=False, test_result_base=None, continue_on_error=False, executor='parallel', parallel_workers=20, event_handlers=None, ignore_user_meta=False, metas=['./colcon.meta'], base_paths=['.'], packages_ignore=None, packages_ignore_regex=None, paths=None, packages_up_to=None, packages_up_to_regex=None, packages_above=None, packages_above_and_dependencies=None, packages_above_depth=None, packages_select_by_dep=None, packages_skip_by_dep=None, packages_skip_up_to=None, packages_select_build_failed=False, packages_skip_build_finished=False, packages_select_test_failures=False, packages_skip_test_passed=False, packages_select=None, packages_skip=None, packages_select_regex=None, packages_skip_regex=None, packages_start=None, packages_end=None, allow_overriding=[], cmake_args=None, cmake_target=None, cmake_target_skip_unavailable=False, cmake_clean_cache=False, cmake_clean_first=False, cmake_force_configure=False, ament_cmake_args=None, catkin_cmake_args=None, catkin_skip_building_tests=False, mixin_files=None, mixin=None, verb_parser=<colcon_mixin.mixin.mixin_argument.MixinArgumentDecorator object at 0x7fd4e58cf1f0>, verb_extension=<colcon_core.verb.build.BuildVerb object at 0x7fd4e58ced40>, main=<bound method BuildVerb.main of <colcon_core.verb.build.BuildVerb object at 0x7fd4e58ced40>>, mixin_verb=('build',))
[0.820s] Level 1:colcon.colcon_core.package_discovery:discover_packages(colcon_meta) check parameters
[0.820s] Level 1:colcon.colcon_core.package_discovery:discover_packages(recursive) check parameters
[0.820s] Level 1:colcon.colcon_core.package_discovery:discover_packages(ignore) check parameters
[0.820s] Level 1:colcon.colcon_core.package_discovery:discover_packages(path) check parameters
[0.820s] Level 1:colcon.colcon_core.package_discovery:discover_packages(colcon_meta) discover
[0.820s] Level 1:colcon.colcon_core.package_discovery:discover_packages(recursive) discover
[0.820s] INFO:colcon.colcon_core.package_discovery:Crawling recursively for packages in '/home/khushant/Inverted_pendulum'
[0.820s] Level 1:colcon.colcon_core.package_identification:_identify(.) by extensions ['ignore', 'ignore_ament_install']
[0.821s] Level 1:colcon.colcon_core.package_identification:_identify(.) by extension 'ignore'
[0.821s] Level 1:colcon.colcon_core.package_identification:_identify(.) by extension 'ignore_ament_install'
[0.821s] Level 1:colcon.colcon_core.package_identification:_identify(.) by extensions ['colcon_pkg']
[0.821s] Level 1:colcon.colcon_core.package_identification:_identify(.) by extension 'colcon_pkg'
[0.821s] Level 1:colcon.colcon_core.package_identification:_identify(.) by extensions ['colcon_meta']
[0.821s] Level 1:colcon.colcon_core.package_identification:_identify(.) by extension 'colcon_meta'
[0.821s] Level 1:colcon.colcon_core.package_identification:_identify(.) by extensions ['ros']
[0.821s] Level 1:colcon.colcon_core.package_identification:_identify(.) by extension 'ros'
[0.847s] Level 1:colcon.colcon_core.package_identification:_identify(.) by extensions ['cmake', 'python']
[0.847s] Level 1:colcon.colcon_core.package_identification:_identify(.) by extension 'cmake'
[0.847s] Level 1:colcon.colcon_core.package_identification:_identify(.) by extension 'python'
[0.848s] Level 1:colcon.colcon_core.package_identification:_identify(.) by extensions ['python_setup_py']
[0.848s] Level 1:colcon.colcon_core.package_identification:_identify(.) by extension 'python_setup_py'
[0.848s] Level 1:colcon.colcon_core.package_identification:_identify(build) by extensions ['ignore', 'ignore_ament_install']
[0.848s] Level 1:colcon.colcon_core.package_identification:_identify(build) by extension 'ignore'
[0.848s] Level 1:colcon.colcon_core.package_identification:_identify(build) ignored
[0.848s] Level 1:colcon.colcon_core.package_identification:_identify(install) by extensions ['ignore', 'ignore_ament_install']
[0.848s] Level 1:colcon.colcon_core.package_identification:_identify(install) by extension 'ignore'
[0.848s] Level 1:colcon.colcon_core.package_identification:_identify(install) ignored
[0.848s] Level 1:colcon.colcon_core.package_identification:_identify(log) by extensions ['ignore', 'ignore_ament_install']
[0.848s] Level 1:colcon.colcon_core.package_identification:_identify(log) by extension 'ignore'
[0.849s] Level 1:colcon.colcon_core.package_identification:_identify(log) ignored
[0.849s] Level 1:colcon.colcon_core.package_identification:_identify(src) by extensions ['ignore', 'ignore_ament_install']
[0.849s] Level 1:colcon.colcon_core.package_identification:_identify(src) by extension 'ignore'
[0.849s] Level 1:colcon.colcon_core.package_identification:_identify(src) by extension 'ignore_ament_install'
[0.849s] Level 1:colcon.colcon_core.package_identification:_identify(src) by extensions ['colcon_pkg']
[0.849s] Level 1:colcon.colcon_core.package_identification:_identify(src) by extension 'colcon_pkg'
[0.849s] Level 1:colcon.colcon_core.package_identification:_identify(src) by extensions ['colcon_meta']
[0.849s] Level 1:colcon.colcon_core.package_identification:_identify(src) by extension 'colcon_meta'
[0.849s] Level 1:colcon.colcon_core.package_identification:_identify(src) by extensions ['ros']
[0.849s] Level 1:colcon.colcon_core.package_identification:_identify(src) by extension 'ros'
[0.849s] Level 1:colcon.colcon_core.package_identification:_identify(src) by extensions ['cmake', 'python']
[0.849s] Level 1:colcon.colcon_core.package_identification:_identify(src) by extension 'cmake'
[0.849s] Level 1:colcon.colcon_core.package_identification:_identify(src) by extension 'python'
[0.850s] Level 1:colcon.colcon_core.package_identification:_identify(src) by extensions ['python_setup_py']
[0.850s] Level 1:colcon.colcon_core.package_identification:_identify(src) by extension 'python_setup_py'
[0.850s] Level 1:colcon.colcon_core.package_identification:_identify(src/simulation) by extensions ['ignore', 'ignore_ament_install']
[0.850s] Level 1:colcon.colcon_core.package_identification:_identify(src/simulation) by extension 'ignore'
[0.850s] Level 1:colcon.colcon_core.package_identification:_identify(src/simulation) by extension 'ignore_ament_install'
[0.850s] Level 1:colcon.colcon_core.package_identification:_identify(src/simulation) by extensions ['colcon_pkg']
[0.850s] Level 1:colcon.colcon_core.package_identification:_identify(src/simulation) by extension 'colcon_pkg'
[0.850s] Level 1:colcon.colcon_core.package_identification:_identify(src/simulation) by extensions ['colcon_meta']
[0.850s] Level 1:colcon.colcon_core.package_identification:_identify(src/simulation) by extension 'colcon_meta'
[0.850s] Level 1:colcon.colcon_core.package_identification:_identify(src/simulation) by extensions ['ros']
[0.850s] Level 1:colcon.colcon_core.package_identification:_identify(src/simulation) by extension 'ros'
[0.853s] DEBUG:colcon.colcon_core.package_identification:Package 'src/simulation' with type 'ros.ament_python' and name 'simulation'
[0.853s] Level 1:colcon.colcon_core.package_discovery:discover_packages(recursive) using defaults
[0.853s] Level 1:colcon.colcon_core.package_discovery:discover_packages(ignore) discover
[0.853s] Level 1:colcon.colcon_core.package_discovery:discover_packages(ignore) using defaults
[0.854s] Level 1:colcon.colcon_core.package_discovery:discover_packages(path) discover
[0.854s] Level 1:colcon.colcon_core.package_discovery:discover_packages(path) using defaults
[0.904s] Level 1:colcon.colcon_core.package_discovery:discover_packages(prefix_path) check parameters
[0.904s] Level 1:colcon.colcon_core.package_discovery:discover_packages(prefix_path) discover
[0.919s] DEBUG:colcon.colcon_installed_package_information.package_discovery:Found 1 installed packages in /home/khushant/Inverted_pendulum/install
[0.920s] DEBUG:colcon.colcon_installed_package_information.package_discovery:Found 1 installed packages in /home/khushant/second_ros2_ws/install
[0.928s] DEBUG:colcon.colcon_installed_package_information.package_discovery:Found 359 installed packages in /home/khushant/ros2_iron/install
[0.931s] DEBUG:colcon.colcon_installed_package_information.package_discovery:Found 164 installed packages in /opt/ros/iron
[0.937s] Level 1:colcon.colcon_core.package_discovery:discover_packages(prefix_path) using defaults
[0.994s] Level 5:colcon.colcon_core.verb:set package 'simulation' build argument 'cmake_args' from command line to 'None'
[0.994s] Level 5:colcon.colcon_core.verb:set package 'simulation' build argument 'cmake_target' from command line to 'None'
[0.994s] Level 5:colcon.colcon_core.verb:set package 'simulation' build argument 'cmake_target_skip_unavailable' from command line to 'False'
[0.994s] Level 5:colcon.colcon_core.verb:set package 'simulation' build argument 'cmake_clean_cache' from command line to 'False'
[0.994s] Level 5:colcon.colcon_core.verb:set package 'simulation' build argument 'cmake_clean_first' from command line to 'False'
[0.994s] Level 5:colcon.colcon_core.verb:set package 'simulation' build argument 'cmake_force_configure' from command line to 'False'
[0.994s] Level 5:colcon.colcon_core.verb:set package 'simulation' build argument 'ament_cmake_args' from command line to 'None'
[0.994s] Level 5:colcon.colcon_core.verb:set package 'simulation' build argument 'catkin_cmake_args' from command line to 'None'
[0.994s] Level 5:colcon.colcon_core.verb:set package 'simulation' build argument 'catkin_skip_building_tests' from command line to 'False'
[0.994s] DEBUG:colcon.colcon_core.verb:Building package 'simulation' with the following arguments: {'ament_cmake_args': None, 'build_base': '/home/khushant/Inverted_pendulum/build/simulation', 'catkin_cmake_args': None, 'catkin_skip_building_tests': False, 'cmake_args': None, 'cmake_clean_cache': False, 'cmake_clean_first': False, 'cmake_force_configure': False, 'cmake_target': None, 'cmake_target_skip_unavailable': False, 'install_base': '/home/khushant/Inverted_pendulum/install/simulation', 'merge_install': False, 'path': '/home/khushant/Inverted_pendulum/src/simulation', 'symlink_install': False, 'test_result_base': None}
[0.994s] INFO:colcon.colcon_core.executor:Executing jobs using 'parallel' executor
[0.996s] DEBUG:colcon.colcon_parallel_executor.executor.parallel:run_until_complete
[0.997s] INFO:colcon.colcon_ros.task.ament_python.build:Building ROS package in '/home/khushant/Inverted_pendulum/src/simulation' with build type 'ament_python'
[0.997s] Level 1:colcon.colcon_core.shell:create_environment_hook('simulation', 'ament_prefix_path')
[1.008s] INFO:colcon.colcon_core.plugin_system:Skipping extension 'colcon_core.shell.bat': Not used on non-Windows systems
[1.008s] INFO:colcon.colcon_core.shell:Creating environment hook '/home/khushant/Inverted_pendulum/install/simulation/share/simulation/hook/ament_prefix_path.ps1'
[1.009s] INFO:colcon.colcon_core.shell:Creating environment descriptor '/home/khushant/Inverted_pendulum/install/simulation/share/simulation/hook/ament_prefix_path.dsv'
[1.010s] INFO:colcon.colcon_core.shell:Creating environment hook '/home/khushant/Inverted_pendulum/install/simulation/share/simulation/hook/ament_prefix_path.sh'
[1.011s] INFO:colcon.colcon_core.shell:Skip shell extension 'powershell' for command environment: Not usable outside of PowerShell
[1.011s] DEBUG:colcon.colcon_core.shell:Skip shell extension 'dsv' for command environment
[1.683s] INFO:colcon.colcon_core.task.python.build:Building Python package in '/home/khushant/Inverted_pendulum/src/simulation'
[1.684s] INFO:colcon.colcon_core.shell:Skip shell extension 'powershell' for command environment: Not usable outside of PowerShell
[1.684s] DEBUG:colcon.colcon_core.shell:Skip shell extension 'dsv' for command environment
[2.578s] DEBUG:colcon.colcon_core.event_handler.log_command:Invoking command in '/home/khushant/Inverted_pendulum/build/simulation': PYTHONPATH=/home/khushant/Inverted_pendulum/build/simulation/prefix_override:/usr/lib/python3/dist-packages/colcon_core/task/python/colcon_distutils_commands:/home/khushant/Inverted_pendulum/install/simulation/lib/python3.10/site-packages:${PYTHONPATH} /usr/bin/python3 -W ignore:setup.py install is deprecated setup.py develop --uninstall --editable --build-directory /home/khushant/Inverted_pendulum/build/simulation/build
[3.592s] DEBUG:colcon.colcon_core.event_handler.log_command:Invoked command in '/home/khushant/Inverted_pendulum/build/simulation' returned '0': PYTHONPATH=/home/khushant/Inverted_pendulum/build/simulation/prefix_override:/usr/lib/python3/dist-packages/colcon_core/task/python/colcon_distutils_commands:/home/khushant/Inverted_pendulum/install/simulation/lib/python3.10/site-packages:${PYTHONPATH} /usr/bin/python3 -W ignore:setup.py install is deprecated setup.py develop --uninstall --editable --build-directory /home/khushant/Inverted_pendulum/build/simulation/build
[3.593s] DEBUG:colcon.colcon_core.event_handler.log_command:Invoking command in '/home/khushant/Inverted_pendulum/src/simulation': PYTHONPATH=/home/khushant/Inverted_pendulum/build/simulation/prefix_override:/usr/lib/python3/dist-packages/colcon_core/task/python/colcon_distutils_commands:/home/khushant/Inverted_pendulum/install/simulation/lib/python3.10/site-packages:${PYTHONPATH} /usr/bin/python3 -W ignore:setup.py install is deprecated setup.py egg_info --egg-base ../../build/simulation build --build-base /home/khushant/Inverted_pendulum/build/simulation/build install --record /home/khushant/Inverted_pendulum/build/simulation/install.log --single-version-externally-managed install_data --force
[4.222s] DEBUG:colcon.colcon_core.event_handler.log_command:Invoked command in '/home/khushant/Inverted_pendulum/src/simulation' returned '0': PYTHONPATH=/home/khushant/Inverted_pendulum/build/simulation/prefix_override:/usr/lib/python3/dist-packages/colcon_core/task/python/colcon_distutils_commands:/home/khushant/Inverted_pendulum/install/simulation/lib/python3.10/site-packages:${PYTHONPATH} /usr/bin/python3 -W ignore:setup.py install is deprecated setup.py egg_info --egg-base ../../build/simulation build --build-base /home/khushant/Inverted_pendulum/build/simulation/build install --record /home/khushant/Inverted_pendulum/build/simulation/install.log --single-version-externally-managed install_data --force
[4.228s] Level 1:colcon.colcon_core.environment:checking '/home/khushant/Inverted_pendulum/install/simulation' for CMake module files
[4.228s] Level 1:colcon.colcon_core.environment:checking '/home/khushant/Inverted_pendulum/install/simulation' for CMake config files
[4.229s] Level 1:colcon.colcon_core.environment:checking '/home/khushant/Inverted_pendulum/install/simulation/lib'
[4.229s] Level 1:colcon.colcon_core.environment:checking '/home/khushant/Inverted_pendulum/install/simulation/bin'
[4.230s] Level 1:colcon.colcon_core.environment:checking '/home/khushant/Inverted_pendulum/install/simulation/lib/pkgconfig/simulation.pc'
[4.230s] Level 1:colcon.colcon_core.environment:checking '/home/khushant/Inverted_pendulum/install/simulation/lib/python3.10/site-packages'
[4.230s] Level 1:colcon.colcon_core.shell:create_environment_hook('simulation', 'pythonpath')
[4.230s] INFO:colcon.colcon_core.shell:Creating environment hook '/home/khushant/Inverted_pendulum/install/simulation/share/simulation/hook/pythonpath.ps1'
[4.231s] INFO:colcon.colcon_core.shell:Creating environment descriptor '/home/khushant/Inverted_pendulum/install/simulation/share/simulation/hook/pythonpath.dsv'
[4.232s] INFO:colcon.colcon_core.shell:Creating environment hook '/home/khushant/Inverted_pendulum/install/simulation/share/simulation/hook/pythonpath.sh'
[4.232s] Level 1:colcon.colcon_core.environment:checking '/home/khushant/Inverted_pendulum/install/simulation/bin'
[4.232s] Level 1:colcon.colcon_core.environment:create_environment_scripts_only(simulation)
[4.233s] INFO:colcon.colcon_core.shell:Creating package script '/home/khushant/Inverted_pendulum/install/simulation/share/simulation/package.ps1'
[4.234s] INFO:colcon.colcon_core.shell:Creating package descriptor '/home/khushant/Inverted_pendulum/install/simulation/share/simulation/package.dsv'
[4.235s] INFO:colcon.colcon_core.shell:Creating package script '/home/khushant/Inverted_pendulum/install/simulation/share/simulation/package.sh'
[4.236s] INFO:colcon.colcon_core.shell:Creating package script '/home/khushant/Inverted_pendulum/install/simulation/share/simulation/package.bash'
[4.237s] INFO:colcon.colcon_core.shell:Creating package script '/home/khushant/Inverted_pendulum/install/simulation/share/simulation/package.zsh'
[4.238s] Level 1:colcon.colcon_core.environment:create_file_with_runtime_dependencies(/home/khushant/Inverted_pendulum/install/simulation/share/colcon-core/packages/simulation)
[4.238s] DEBUG:colcon.colcon_parallel_executor.executor.parallel:closing loop
[4.239s] DEBUG:colcon.colcon_parallel_executor.executor.parallel:loop closed
[4.239s] DEBUG:colcon.colcon_parallel_executor.executor.parallel:run_until_complete finished with '0'
[4.239s] DEBUG:colcon.colcon_core.event_reactor:joining thread
[4.384s] INFO:colcon.colcon_core.plugin_system:Skipping extension 'colcon_notification.desktop_notification.notify_send': Could not find 'notify-send'
[4.384s] INFO:colcon.colcon_core.plugin_system:Skipping extension 'colcon_notification.desktop_notification.terminal_notifier': Not used on non-Darwin systems
[4.385s] INFO:colcon.colcon_core.plugin_system:Skipping extension 'colcon_notification.desktop_notification.win32': Not used on non-Windows systems
[4.385s] INFO:colcon.colcon_notification.desktop_notification:Sending desktop notification using 'notify2'
[4.409s] DEBUG:colcon.colcon_notification.desktop_notification.notify2:Failed to initialize notify2: org.freedesktop.DBus.Error.ServiceUnknown: The name org.freedesktop.Notifications was not provided by any .service files
[4.410s] DEBUG:colcon.colcon_core.event_reactor:joined thread
[4.411s] INFO:colcon.colcon_core.shell:Creating prefix script '/home/khushant/Inverted_pendulum/install/local_setup.ps1'
[4.413s] INFO:colcon.colcon_core.shell:Creating prefix util module '/home/khushant/Inverted_pendulum/install/_local_setup_util_ps1.py'
[4.415s] INFO:colcon.colcon_core.shell:Creating prefix chain script '/home/khushant/Inverted_pendulum/install/setup.ps1'
[4.426s] INFO:colcon.colcon_core.shell:Creating prefix script '/home/khushant/Inverted_pendulum/install/local_setup.sh'
[4.427s] INFO:colcon.colcon_core.shell:Creating prefix util module '/home/khushant/Inverted_pendulum/install/_local_setup_util_sh.py'
[4.428s] INFO:colcon.colcon_core.shell:Creating prefix chain script '/home/khushant/Inverted_pendulum/install/setup.sh'
[4.439s] INFO:colcon.colcon_core.shell:Creating prefix script '/home/khushant/Inverted_pendulum/install/local_setup.bash'
[4.439s] INFO:colcon.colcon_core.shell:Creating prefix chain script '/home/khushant/Inverted_pendulum/install/setup.bash'
[4.449s] INFO:colcon.colcon_core.shell:Creating prefix script '/home/khushant/Inverted_pendulum/install/local_setup.zsh'
[4.450s] INFO:colcon.colcon_core.shell:Creating prefix chain script '/home/khushant/Inverted_pendulum/install/setup.zsh'
