[1.642s] Invoking command in '/home/khushant/Inverted_pendulum/src/simulation': PYTHONPATH=/home/khushant/Inverted_pendulum/build/simulation/prefix_override:/usr/lib/python3/dist-packages/colcon_core/task/python/colcon_distutils_commands:/home/khushant/Inverted_pendulum/install/simulation/lib/python3.10/site-packages:${PYTHONPATH} /usr/bin/python3 -W ignore:setup.py install is deprecated setup.py egg_info --egg-base ../../build/simulation build --build-base /home/khushant/Inverted_pendulum/build/simulation/build install --record /home/khushant/Inverted_pendulum/build/simulation/install.log --single-version-externally-managed install_data
[2.236s] running egg_info
[2.237s] writing ../../build/simulation/simulation.egg-info/PKG-INFO
[2.237s] writing dependency_links to ../../build/simulation/simulation.egg-info/dependency_links.txt
[2.237s] writing entry points to ../../build/simulation/simulation.egg-info/entry_points.txt
[2.237s] writing requirements to ../../build/simulation/simulation.egg-info/requires.txt
[2.237s] writing top-level names to ../../build/simulation/simulation.egg-info/top_level.txt
[2.239s] reading manifest file '../../build/simulation/simulation.egg-info/SOURCES.txt'
[2.239s] adding license file 'LICENSE'
[2.241s] writing manifest file '../../build/simulation/simulation.egg-info/SOURCES.txt'
[2.241s] running build
[2.241s] running build_py
[2.242s] running install
[2.242s] running install_lib
[2.245s] running install_data
[2.245s] copying launch/demo.launch.py -> /home/khushant/Inverted_pendulum/install/simulation/share/simulation/launch
[2.246s] running install_egg_info
[2.250s] removing '/home/khushant/Inverted_pendulum/install/simulation/lib/python3.10/site-packages/simulation-0.0.0-py3.10.egg-info' (and everything under it)
[2.250s] Copying ../../build/simulation/simulation.egg-info to /home/khushant/Inverted_pendulum/install/simulation/lib/python3.10/site-packages/simulation-0.0.0-py3.10.egg-info
[2.251s] running install_scripts
[2.289s] Installing controller script to /home/khushant/Inverted_pendulum/install/simulation/lib/simulation
[2.290s] writing list of installed files to '/home/khushant/Inverted_pendulum/build/simulation/install.log'
[2.322s] Invoked command in '/home/khushant/Inverted_pendulum/src/simulation' returned '0': PYTHONPATH=/home/khushant/Inverted_pendulum/build/simulation/prefix_override:/usr/lib/python3/dist-packages/colcon_core/task/python/colcon_distutils_commands:/home/khushant/Inverted_pendulum/install/simulation/lib/python3.10/site-packages:${PYTHONPATH} /usr/bin/python3 -W ignore:setup.py install is deprecated setup.py egg_info --egg-base ../../build/simulation build --build-base /home/khushant/Inverted_pendulum/build/simulation/build install --record /home/khushant/Inverted_pendulum/build/simulation/install.log --single-version-externally-managed install_data
