[0.483s] DEBUG:colcon:Command line arguments: ['/usr/bin/colcon', 'build', '--symlink-install']
[0.484s] DEBUG:colcon:Parsed command line arguments: Namespace(log_base=None, log_level=None, verb_name='build', build_base='build', install_base='install', merge_install=False, symlink_install=True, test_result_base=None, continue_on_error=False, executor='parallel', parallel_workers=20, event_handlers=None, ignore_user_meta=False, metas=['./colcon.meta'], base_paths=['.'], packages_ignore=None, packages_ignore_regex=None, paths=None, packages_up_to=None, packages_up_to_regex=None, packages_above=None, packages_above_and_dependencies=None, packages_above_depth=None, packages_select_by_dep=None, packages_skip_by_dep=None, packages_skip_up_to=None, packages_select_build_failed=False, packages_skip_build_finished=False, packages_select_test_failures=False, packages_skip_test_passed=False, packages_select=None, packages_skip=None, packages_select_regex=None, packages_skip_regex=None, packages_start=None, packages_end=None, allow_overriding=[], cmake_args=None, cmake_target=None, cmake_target_skip_unavailable=False, cmake_clean_cache=False, cmake_clean_first=False, cmake_force_configure=False, ament_cmake_args=None, catkin_cmake_args=None, catkin_skip_building_tests=False, mixin_files=None, mixin=None, verb_parser=<colcon_mixin.mixin.mixin_argument.MixinArgumentDecorator object at 0x7efe6783b2e0>, verb_extension=<colcon_core.verb.build.BuildVerb object at 0x7efe6783ae30>, main=<bound method BuildVerb.main of <colcon_core.verb.build.BuildVerb object at 0x7efe6783ae30>>, mixin_verb=('build',))
[0.805s] Level 1:colcon.colcon_core.package_discovery:discover_packages(colcon_meta) check parameters
[0.805s] Level 1:colcon.colcon_core.package_discovery:discover_packages(recursive) check parameters
[0.805s] Level 1:colcon.colcon_core.package_discovery:discover_packages(ignore) check parameters
[0.805s] Level 1:colcon.colcon_core.package_discovery:discover_packages(path) check parameters
[0.805s] Level 1:colcon.colcon_core.package_discovery:discover_packages(colcon_meta) discover
[0.805s] Level 1:colcon.colcon_core.package_discovery:discover_packages(recursive) discover
[0.805s] INFO:colcon.colcon_core.package_discovery:Crawling recursively for packages in '/home/khushant/Inverted_pendulum'
[0.805s] Level 1:colcon.colcon_core.package_identification:_identify(.) by extensions ['ignore', 'ignore_ament_install']
[0.805s] Level 1:colcon.colcon_core.package_identification:_identify(.) by extension 'ignore'
[0.805s] Level 1:colcon.colcon_core.package_identification:_identify(.) by extension 'ignore_ament_install'
[0.805s] Level 1:colcon.colcon_core.package_identification:_identify(.) by extensions ['colcon_pkg']
[0.806s] Level 1:colcon.colcon_core.package_identification:_identify(.) by extension 'colcon_pkg'
[0.806s] Level 1:colcon.colcon_core.package_identification:_identify(.) by extensions ['colcon_meta']
[0.806s] Level 1:colcon.colcon_core.package_identification:_identify(.) by extension 'colcon_meta'
[0.806s] Level 1:colcon.colcon_core.package_identification:_identify(.) by extensions ['ros']
[0.806s] Level 1:colcon.colcon_core.package_identification:_identify(.) by extension 'ros'
[0.832s] Level 1:colcon.colcon_core.package_identification:_identify(.) by extensions ['cmake', 'python']
[0.832s] Level 1:colcon.colcon_core.package_identification:_identify(.) by extension 'cmake'
[0.832s] Level 1:colcon.colcon_core.package_identification:_identify(.) by extension 'python'
[0.832s] Level 1:colcon.colcon_core.package_identification:_identify(.) by extensions ['python_setup_py']
[0.832s] Level 1:colcon.colcon_core.package_identification:_identify(.) by extension 'python_setup_py'
[0.832s] Level 1:colcon.colcon_core.package_identification:_identify(build) by extensions ['ignore', 'ignore_ament_install']
[0.833s] Level 1:colcon.colcon_core.package_identification:_identify(build) by extension 'ignore'
[0.833s] Level 1:colcon.colcon_core.package_identification:_identify(build) ignored
[0.833s] Level 1:colcon.colcon_core.package_identification:_identify(install) by extensions ['ignore', 'ignore_ament_install']
[0.833s] Level 1:colcon.colcon_core.package_identification:_identify(install) by extension 'ignore'
[0.833s] Level 1:colcon.colcon_core.package_identification:_identify(install) ignored
[0.833s] Level 1:colcon.colcon_core.package_identification:_identify(log) by extensions ['ignore', 'ignore_ament_install']
[0.833s] Level 1:colcon.colcon_core.package_identification:_identify(log) by extension 'ignore'
[0.833s] Level 1:colcon.colcon_core.package_identification:_identify(log) ignored
[0.834s] Level 1:colcon.colcon_core.package_identification:_identify(src) by extensions ['ignore', 'ignore_ament_install']
[0.834s] Level 1:colcon.colcon_core.package_identification:_identify(src) by extension 'ignore'
[0.834s] Level 1:colcon.colcon_core.package_identification:_identify(src) by extension 'ignore_ament_install'
[0.834s] Level 1:colcon.colcon_core.package_identification:_identify(src) by extensions ['colcon_pkg']
[0.834s] Level 1:colcon.colcon_core.package_identification:_identify(src) by extension 'colcon_pkg'
[0.834s] Level 1:colcon.colcon_core.package_identification:_identify(src) by extensions ['colcon_meta']
[0.834s] Level 1:colcon.colcon_core.package_identification:_identify(src) by extension 'colcon_meta'
[0.834s] Level 1:colcon.colcon_core.package_identification:_identify(src) by extensions ['ros']
[0.834s] Level 1:colcon.colcon_core.package_identification:_identify(src) by extension 'ros'
[0.835s] Level 1:colcon.colcon_core.package_identification:_identify(src) by extensions ['cmake', 'python']
[0.835s] Level 1:colcon.colcon_core.package_identification:_identify(src) by extension 'cmake'
[0.835s] Level 1:colcon.colcon_core.package_identification:_identify(src) by extension 'python'
[0.835s] Level 1:colcon.colcon_core.package_identification:_identify(src) by extensions ['python_setup_py']
[0.835s] Level 1:colcon.colcon_core.package_identification:_identify(src) by extension 'python_setup_py'
[0.835s] Level 1:colcon.colcon_core.package_identification:_identify(src/simulation) by extensions ['ignore', 'ignore_ament_install']
[0.835s] Level 1:colcon.colcon_core.package_identification:_identify(src/simulation) by extension 'ignore'
[0.835s] Level 1:colcon.colcon_core.package_identification:_identify(src/simulation) by extension 'ignore_ament_install'
[0.835s] Level 1:colcon.colcon_core.package_identification:_identify(src/simulation) by extensions ['colcon_pkg']
[0.835s] Level 1:colcon.colcon_core.package_identification:_identify(src/simulation) by extension 'colcon_pkg'
[0.835s] Level 1:colcon.colcon_core.package_identification:_identify(src/simulation) by extensions ['colcon_meta']
[0.835s] Level 1:colcon.colcon_core.package_identification:_identify(src/simulation) by extension 'colcon_meta'
[0.835s] Level 1:colcon.colcon_core.package_identification:_identify(src/simulation) by extensions ['ros']
[0.835s] Level 1:colcon.colcon_core.package_identification:_identify(src/simulation) by extension 'ros'
[0.838s] DEBUG:colcon.colcon_core.package_identification:Package 'src/simulation' with type 'ros.ament_python' and name 'simulation'
[0.838s] Level 1:colcon.colcon_core.package_discovery:discover_packages(recursive) using defaults
[0.838s] Level 1:colcon.colcon_core.package_discovery:discover_packages(ignore) discover
[0.838s] Level 1:colcon.colcon_core.package_discovery:discover_packages(ignore) using defaults
[0.838s] Level 1:colcon.colcon_core.package_discovery:discover_packages(path) discover
[0.838s] Level 1:colcon.colcon_core.package_discovery:discover_packages(path) using defaults
[0.880s] Level 1:colcon.colcon_core.package_discovery:discover_packages(prefix_path) check parameters
[0.880s] Level 1:colcon.colcon_core.package_discovery:discover_packages(prefix_path) discover
[0.890s] DEBUG:colcon.colcon_installed_package_information.package_discovery:Found 1 installed packages in /home/khushant/Inverted_pendulum/install
[0.900s] DEBUG:colcon.colcon_installed_package_information.package_discovery:Found 359 installed packages in /home/khushant/ros2_iron/install
[0.902s] DEBUG:colcon.colcon_installed_package_information.package_discovery:Found 164 installed packages in /opt/ros/iron
[0.909s] Level 1:colcon.colcon_core.package_discovery:discover_packages(prefix_path) using defaults
[0.958s] Level 5:colcon.colcon_core.verb:set package 'simulation' build argument 'cmake_args' from command line to 'None'
[0.958s] Level 5:colcon.colcon_core.verb:set package 'simulation' build argument 'cmake_target' from command line to 'None'
[0.958s] Level 5:colcon.colcon_core.verb:set package 'simulation' build argument 'cmake_target_skip_unavailable' from command line to 'False'
[0.958s] Level 5:colcon.colcon_core.verb:set package 'simulation' build argument 'cmake_clean_cache' from command line to 'False'
[0.958s] Level 5:colcon.colcon_core.verb:set package 'simulation' build argument 'cmake_clean_first' from command line to 'False'
[0.958s] Level 5:colcon.colcon_core.verb:set package 'simulation' build argument 'cmake_force_configure' from command line to 'False'
[0.958s] Level 5:colcon.colcon_core.verb:set package 'simulation' build argument 'ament_cmake_args' from command line to 'None'
[0.958s] Level 5:colcon.colcon_core.verb:set package 'simulation' build argument 'catkin_cmake_args' from command line to 'None'
[0.958s] Level 5:colcon.colcon_core.verb:set package 'simulation' build argument 'catkin_skip_building_tests' from command line to 'False'
[0.958s] DEBUG:colcon.colcon_core.verb:Building package 'simulation' with the following arguments: {'ament_cmake_args': None, 'build_base': '/home/khushant/Inverted_pendulum/build/simulation', 'catkin_cmake_args': None, 'catkin_skip_building_tests': False, 'cmake_args': None, 'cmake_clean_cache': False, 'cmake_clean_first': False, 'cmake_force_configure': False, 'cmake_target': None, 'cmake_target_skip_unavailable': False, 'install_base': '/home/khushant/Inverted_pendulum/install/simulation', 'merge_install': False, 'path': '/home/khushant/Inverted_pendulum/src/simulation', 'symlink_install': True, 'test_result_base': None}
[0.959s] INFO:colcon.colcon_core.executor:Executing jobs using 'parallel' executor
[0.960s] DEBUG:colcon.colcon_parallel_executor.executor.parallel:run_until_complete
[0.961s] INFO:colcon.colcon_ros.task.ament_python.build:Building ROS package in '/home/khushant/Inverted_pendulum/src/simulation' with build type 'ament_python'
[0.962s] Level 1:colcon.colcon_core.shell:create_environment_hook('simulation', 'ament_prefix_path')
[0.967s] INFO:colcon.colcon_core.plugin_system:Skipping extension 'colcon_core.shell.bat': Not used on non-Windows systems
[0.967s] INFO:colcon.colcon_core.shell:Creating environment hook '/home/khushant/Inverted_pendulum/install/simulation/share/simulation/hook/ament_prefix_path.ps1'
[0.968s] INFO:colcon.colcon_core.shell:Creating environment descriptor '/home/khushant/Inverted_pendulum/install/simulation/share/simulation/hook/ament_prefix_path.dsv'
[0.969s] INFO:colcon.colcon_core.shell:Creating environment hook '/home/khushant/Inverted_pendulum/install/simulation/share/simulation/hook/ament_prefix_path.sh'
[0.970s] INFO:colcon.colcon_core.shell:Skip shell extension 'powershell' for command environment: Not usable outside of PowerShell
[0.970s] DEBUG:colcon.colcon_core.shell:Skip shell extension 'dsv' for command environment
[1.618s] INFO:colcon.colcon_core.task.python.build:Building Python package in '/home/khushant/Inverted_pendulum/src/simulation'
[1.619s] INFO:colcon.colcon_core.shell:Skip shell extension 'powershell' for command environment: Not usable outside of PowerShell
[1.619s] DEBUG:colcon.colcon_core.shell:Skip shell extension 'dsv' for command environment
[2.495s] DEBUG:colcon.colcon_core.event_handler.log_command:Invoking command in '/home/khushant/Inverted_pendulum/build/simulation': PYTHONPATH=/home/khushant/Inverted_pendulum/build/simulation/prefix_override:/usr/lib/python3/dist-packages/colcon_core/task/python/colcon_distutils_commands:/home/khushant/Inverted_pendulum/install/simulation/lib/python3.10/site-packages:${PYTHONPATH} /usr/bin/python3 -W ignore:setup.py install is deprecated setup.py develop --editable --build-directory /home/khushant/Inverted_pendulum/build/simulation/build --no-deps symlink_data
[3.485s] Level 1:colcon.colcon_core.shell:create_environment_hook('simulation', 'pythonpath_develop')
[3.486s] DEBUG:colcon.colcon_core.event_handler.log_command:Invoked command in '/home/khushant/Inverted_pendulum/build/simulation' returned '0': PYTHONPATH=/home/khushant/Inverted_pendulum/build/simulation/prefix_override:/usr/lib/python3/dist-packages/colcon_core/task/python/colcon_distutils_commands:/home/khushant/Inverted_pendulum/install/simulation/lib/python3.10/site-packages:${PYTHONPATH} /usr/bin/python3 -W ignore:setup.py install is deprecated setup.py develop --editable --build-directory /home/khushant/Inverted_pendulum/build/simulation/build --no-deps symlink_data
[3.486s] INFO:colcon.colcon_core.shell:Creating environment hook '/home/khushant/Inverted_pendulum/build/simulation/share/simulation/hook/pythonpath_develop.ps1'
[3.487s] INFO:colcon.colcon_core.shell:Creating environment descriptor '/home/khushant/Inverted_pendulum/build/simulation/share/simulation/hook/pythonpath_develop.dsv'
[3.487s] INFO:colcon.colcon_core.shell:Creating environment hook '/home/khushant/Inverted_pendulum/build/simulation/share/simulation/hook/pythonpath_develop.sh'
[3.493s] Level 1:colcon.colcon_core.environment:checking '/home/khushant/Inverted_pendulum/install/simulation' for CMake module files
[3.493s] Level 1:colcon.colcon_core.environment:checking '/home/khushant/Inverted_pendulum/install/simulation' for CMake config files
[3.494s] Level 1:colcon.colcon_core.environment:checking '/home/khushant/Inverted_pendulum/install/simulation/lib'
[3.494s] Level 1:colcon.colcon_core.environment:checking '/home/khushant/Inverted_pendulum/install/simulation/bin'
[3.494s] Level 1:colcon.colcon_core.environment:checking '/home/khushant/Inverted_pendulum/install/simulation/lib/pkgconfig/simulation.pc'
[3.495s] Level 1:colcon.colcon_core.environment:checking '/home/khushant/Inverted_pendulum/install/simulation/lib/python3.10/site-packages'
[3.495s] Level 1:colcon.colcon_core.shell:create_environment_hook('simulation', 'pythonpath')
[3.496s] INFO:colcon.colcon_core.shell:Creating environment hook '/home/khushant/Inverted_pendulum/install/simulation/share/simulation/hook/pythonpath.ps1'
[3.497s] INFO:colcon.colcon_core.shell:Creating environment descriptor '/home/khushant/Inverted_pendulum/install/simulation/share/simulation/hook/pythonpath.dsv'
[3.497s] INFO:colcon.colcon_core.shell:Creating environment hook '/home/khushant/Inverted_pendulum/install/simulation/share/simulation/hook/pythonpath.sh'
[3.498s] Level 1:colcon.colcon_core.environment:checking '/home/khushant/Inverted_pendulum/install/simulation/bin'
[3.498s] Level 1:colcon.colcon_core.environment:create_environment_scripts_only(simulation)
[3.498s] INFO:colcon.colcon_core.shell:Creating package script '/home/khushant/Inverted_pendulum/install/simulation/share/simulation/package.ps1'
[3.500s] INFO:colcon.colcon_core.shell:Creating package descriptor '/home/khushant/Inverted_pendulum/install/simulation/share/simulation/package.dsv'
[3.500s] INFO:colcon.colcon_core.shell:Creating package script '/home/khushant/Inverted_pendulum/install/simulation/share/simulation/package.sh'
[3.501s] INFO:colcon.colcon_core.shell:Creating package script '/home/khushant/Inverted_pendulum/install/simulation/share/simulation/package.bash'
[3.502s] INFO:colcon.colcon_core.shell:Creating package script '/home/khushant/Inverted_pendulum/install/simulation/share/simulation/package.zsh'
[3.503s] Level 1:colcon.colcon_core.environment:create_file_with_runtime_dependencies(/home/khushant/Inverted_pendulum/install/simulation/share/colcon-core/packages/simulation)
[3.503s] DEBUG:colcon.colcon_parallel_executor.executor.parallel:closing loop
[3.503s] DEBUG:colcon.colcon_parallel_executor.executor.parallel:loop closed
[3.504s] DEBUG:colcon.colcon_parallel_executor.executor.parallel:run_until_complete finished with '0'
[3.504s] DEBUG:colcon.colcon_core.event_reactor:joining thread
[3.652s] INFO:colcon.colcon_core.plugin_system:Skipping extension 'colcon_notification.desktop_notification.notify_send': Could not find 'notify-send'
[3.652s] INFO:colcon.colcon_core.plugin_system:Skipping extension 'colcon_notification.desktop_notification.terminal_notifier': Not used on non-Darwin systems
[3.653s] INFO:colcon.colcon_core.plugin_system:Skipping extension 'colcon_notification.desktop_notification.win32': Not used on non-Windows systems
[3.653s] INFO:colcon.colcon_notification.desktop_notification:Sending desktop notification using 'notify2'
[133.775s] DEBUG:colcon.colcon_notification.desktop_notification.notify2:Failed to initialize notify2: org.freedesktop.DBus.Error.Spawn.ExecFailed: /usr/bin/dbus-launch terminated abnormally with the following error: Autolaunch error: X11 initialization failed.

[133.776s] DEBUG:colcon.colcon_core.event_reactor:joined thread
[133.777s] INFO:colcon.colcon_core.shell:Creating prefix script '/home/khushant/Inverted_pendulum/install/local_setup.ps1'
[133.778s] INFO:colcon.colcon_core.shell:Creating prefix util module '/home/khushant/Inverted_pendulum/install/_local_setup_util_ps1.py'
[133.780s] INFO:colcon.colcon_core.shell:Creating prefix chain script '/home/khushant/Inverted_pendulum/install/setup.ps1'
[133.793s] INFO:colcon.colcon_core.shell:Creating prefix script '/home/khushant/Inverted_pendulum/install/local_setup.sh'
[133.794s] INFO:colcon.colcon_core.shell:Creating prefix util module '/home/khushant/Inverted_pendulum/install/_local_setup_util_sh.py'
[133.794s] INFO:colcon.colcon_core.shell:Creating prefix chain script '/home/khushant/Inverted_pendulum/install/setup.sh'
[133.808s] INFO:colcon.colcon_core.shell:Creating prefix script '/home/khushant/Inverted_pendulum/install/local_setup.bash'
[133.809s] INFO:colcon.colcon_core.shell:Creating prefix chain script '/home/khushant/Inverted_pendulum/install/setup.bash'
[133.820s] INFO:colcon.colcon_core.shell:Creating prefix script '/home/khushant/Inverted_pendulum/install/local_setup.zsh'
[133.820s] INFO:colcon.colcon_core.shell:Creating prefix chain script '/home/khushant/Inverted_pendulum/install/setup.zsh'
